<?xml version="1.0" encoding="UTF-8"?>
<!-- Generated by org.testng.reporters.JUnitReportReporter -->
<testsuite hostname="DESKTOP-8BIQ62C" failures="0" tests="1" name="Batch23.TC4_ValidateJsonResponse" time="5.410" errors="0" timestamp="2022-06-30T09:25:56 IST" skipped="0">
  <testcase classname="Batch23.TC4_ValidateJsonResponse" name="GetWeatherDetails" time="5.410"/>
</testsuite> <!-- Batch23.TC4_ValidateJsonResponse -->
