<?xml version="1.0" encoding="UTF-8"?>
<!-- Generated by org.testng.reporters.JUnitReportReporter -->
<testsuite hostname="DESKTOP-8BIQ62C" failures="0" tests="1" name="Batch23.TC3_ValidateHeaders" time="3.570" errors="0" timestamp="2022-06-30T09:20:11 IST" skipped="0">
  <testcase classname="Batch23.TC3_ValidateHeaders" name="SingleuserNotFound" time="3.570"/>
</testsuite> <!-- Batch23.TC3_ValidateHeaders -->
