<?xml version="1.0" encoding="UTF-8"?>
<!-- Generated by org.testng.reporters.JUnitReportReporter -->
<testsuite hostname="DESKTOP-8BIQ62C" failures="0" tests="1" name="Batch23.TC2_POST_Request" time="6.669" errors="0" timestamp="2022-06-29T10:22:00 IST" skipped="0">
  <testcase classname="Batch23.TC2_POST_Request" name="registerCustomer" time="6.669"/>
</testsuite> <!-- Batch23.TC2_POST_Request -->
