<?xml version="1.0" encoding="UTF-8"?>
<!-- Generated by org.testng.reporters.JUnitReportReporter -->
<testsuite hostname="DESKTOP-8BIQ62C" failures="0" tests="2" name="Batch23.TC1_GET_Request" time="4.510" errors="0" timestamp="2022-06-29T10:08:19 IST" skipped="0">
  <testcase classname="Batch23.TC1_GET_Request" name="GetResponse" time="4.290"/>
  <testcase classname="Batch23.TC1_GET_Request" name="SingleuserNotFound" time="0.220"/>
</testsuite> <!-- Batch23.TC1_GET_Request -->
